[27-Jun-2017 19:38:19 UTC] PHP Warning:  call_user_func_array() expects parameter 1 to be a valid callback, function 'add_feed_menu_page' not found or invalid function name in C:\Users\jkiya_000\Desktop\rssfeed-wp\wp-includes\class-wp-hook.php on line 298
[27-Jun-2017 19:38:33 UTC] PHP Warning:  call_user_func_array() expects parameter 1 to be a valid callback, function 'add_feed_menu_page' not found or invalid function name in C:\Users\jkiya_000\Desktop\rssfeed-wp\wp-includes\class-wp-hook.php on line 298
[27-Jun-2017 19:38:38 UTC] PHP Warning:  call_user_func_array() expects parameter 1 to be a valid callback, function 'add_feed_menu_page' not found or invalid function name in C:\Users\jkiya_000\Desktop\rssfeed-wp\wp-includes\class-wp-hook.php on line 298
[27-Jun-2017 19:38:39 UTC] PHP Warning:  call_user_func_array() expects parameter 1 to be a valid callback, function 'add_feed_menu_page' not found or invalid function name in C:\Users\jkiya_000\Desktop\rssfeed-wp\wp-includes\class-wp-hook.php on line 298
[27-Jun-2017 19:39:05 UTC] PHP Warning:  call_user_func_array() expects parameter 1 to be a valid callback, function 'add_feed_menu_page' not found or invalid function name in C:\Users\jkiya_000\Desktop\rssfeed-wp\wp-includes\class-wp-hook.php on line 298
[27-Jun-2017 19:39:08 UTC] PHP Warning:  call_user_func_array() expects parameter 1 to be a valid callback, function 'add_feed_menu_page' not found or invalid function name in C:\Users\jkiya_000\Desktop\rssfeed-wp\wp-includes\class-wp-hook.php on line 298
[27-Jun-2017 19:39:09 UTC] PHP Notice:  Undefined variable: source in C:\Users\jkiya_000\Desktop\rssfeed-wp\wp-content\plugins\rssfeeder\rssfeeder.php on line 152
[27-Jun-2017 19:39:18 UTC] PHP Warning:  call_user_func_array() expects parameter 1 to be a valid callback, function 'add_feed_menu_page' not found or invalid function name in C:\Users\jkiya_000\Desktop\rssfeed-wp\wp-includes\class-wp-hook.php on line 298
[27-Jun-2017 19:39:20 UTC] PHP Warning:  call_user_func_array() expects parameter 1 to be a valid callback, function 'add_feed_menu_page' not found or invalid function name in C:\Users\jkiya_000\Desktop\rssfeed-wp\wp-includes\class-wp-hook.php on line 298
[27-Jun-2017 19:39:20 UTC] PHP Notice:  Undefined variable: source in C:\Users\jkiya_000\Desktop\rssfeed-wp\wp-content\plugins\rssfeeder\rssfeeder.php on line 152
[27-Jun-2017 19:52:28 UTC] PHP Parse error:  syntax error, unexpected '<<' (T_SL) in C:\Users\jkiya_000\Desktop\rssfeed-wp\wp-content\plugins\rssfeeder\rssfeeder.php on line 42
[27-Jun-2017 19:58:24 UTC] PHP Notice:  Undefined variable: source in C:\Users\jkiya_000\Desktop\rssfeed-wp\wp-content\themes\rocketml-wp\functions.php on line 84
[27-Jun-2017 20:01:18 UTC] PHP Notice:  Undefined variable: source in C:\Users\jkiya_000\Desktop\rssfeed-wp\wp-content\themes\rocketml-wp\functions.php on line 84
[27-Jun-2017 20:01:36 UTC] PHP Notice:  Undefined variable: source in C:\Users\jkiya_000\Desktop\rssfeed-wp\wp-content\themes\rocketml-wp\functions.php on line 84
[27-Jun-2017 20:01:46 UTC] PHP Notice:  Undefined variable: source in C:\Users\jkiya_000\Desktop\rssfeed-wp\wp-content\themes\rocketml-wp\functions.php on line 84
[27-Jun-2017 20:01:57 UTC] PHP Notice:  Undefined variable: source in C:\Users\jkiya_000\Desktop\rssfeed-wp\wp-content\themes\rocketml-wp\functions.php on line 84
[27-Jun-2017 20:50:24 UTC] PHP Notice:  Undefined index: title in C:\Users\jkiya_000\Desktop\rssfeed-wp\wp-content\plugins\rssfeeder\feed-create.php on line 6
[27-Jun-2017 20:50:24 UTC] PHP Notice:  Undefined index: feed_url in C:\Users\jkiya_000\Desktop\rssfeed-wp\wp-content\plugins\rssfeeder\feed-create.php on line 7
[27-Jun-2017 20:50:24 UTC] PHP Notice:  Undefined index: keywords in C:\Users\jkiya_000\Desktop\rssfeed-wp\wp-content\plugins\rssfeeder\feed-create.php on line 8
[27-Jun-2017 20:51:20 UTC] PHP Notice:  Undefined variable: message in C:\Users\jkiya_000\Desktop\rssfeed-wp\wp-content\plugins\rssfeeder\feed-create.php on line 18
