[30-Jun-2017 19:01:08 UTC] id dup
[30-Jun-2017 19:01:08 UTC] id dup
[30-Jun-2017 19:01:08 UTC] id dup
[30-Jun-2017 19:01:08 UTC] id dup
[30-Jun-2017 19:01:08 UTC] id unique
[30-Jun-2017 19:01:08 UTC] id unique
[30-Jun-2017 19:01:08 UTC] id dup
[30-Jun-2017 19:01:08 UTC] id dup
[30-Jun-2017 19:01:08 UTC] id dup
[30-Jun-2017 19:01:08 UTC] id dup
[30-Jun-2017 19:01:08 UTC] id dup
[30-Jun-2017 19:01:08 UTC] id dup
[30-Jun-2017 19:01:08 UTC] id dup
[30-Jun-2017 19:01:08 UTC] id dup
[30-Jun-2017 19:01:08 UTC] id dup
[30-Jun-2017 19:01:08 UTC] id dup
[30-Jun-2017 19:01:45 UTC] id dup
[30-Jun-2017 19:01:45 UTC] id dup
[30-Jun-2017 19:01:45 UTC] id dup
[30-Jun-2017 19:01:45 UTC] id dup
[30-Jun-2017 19:01:45 UTC] id unique
[30-Jun-2017 19:01:45 UTC] id unique
[30-Jun-2017 19:01:45 UTC] id dup
[30-Jun-2017 19:01:45 UTC] id dup
[30-Jun-2017 19:01:45 UTC] id dup
[30-Jun-2017 19:01:45 UTC] id dup
[30-Jun-2017 19:01:45 UTC] id dup
[30-Jun-2017 19:01:45 UTC] id dup
[30-Jun-2017 19:01:45 UTC] id dup
[30-Jun-2017 19:01:45 UTC] id dup
[30-Jun-2017 19:01:45 UTC] id dup
[30-Jun-2017 19:01:45 UTC] id dup
[30-Jun-2017 19:04:32 UTC] THEORY: Is Pokemon GSC’s Silver the Father of RSE’s Maxie?
[30-Jun-2017 19:04:32 UTC] id dup
[30-Jun-2017 19:04:32 UTC] TheSmartOjus Blog: What Have I Been Playing (June 2017)
[30-Jun-2017 19:04:32 UTC] id dup
[30-Jun-2017 19:04:32 UTC] Pokémon! WOAH
[30-Jun-2017 19:04:32 UTC] id dup
[30-Jun-2017 19:04:32 UTC] Week 3 — and introduction to the world wide web.
[30-Jun-2017 19:04:32 UTC] id dup
[30-Jun-2017 19:04:32 UTC] Super Smash School book 2: How eggs are made
[30-Jun-2017 19:04:32 UTC] id unique
[30-Jun-2017 19:04:32 UTC] Mille grazie, Prismo
[30-Jun-2017 19:04:32 UTC] id unique
[30-Jun-2017 19:04:33 UTC] Sand sculpture festival brings super-heroes to Belgian beach
[30-Jun-2017 19:04:33 UTC] id dup
[30-Jun-2017 19:04:33 UTC] George III, George Washington to share limelight in U.S.-UK exhibit
[30-Jun-2017 19:04:33 UTC] id dup
[30-Jun-2017 19:04:33 UTC] London's V&A goes underground for new gallery
[30-Jun-2017 19:04:33 UTC] id dup
[30-Jun-2017 19:04:33 UTC] As art flies off the walls at Basel, buyers beware, experts warn
[30-Jun-2017 19:04:33 UTC] id dup
[30-Jun-2017 19:04:33 UTC] Italy court suspends ruling that ousted museum directors
[30-Jun-2017 19:04:33 UTC] id dup
[30-Jun-2017 19:04:33 UTC] Architect claims NY's One World Trade Center stole his design
[30-Jun-2017 19:04:33 UTC] id dup
[30-Jun-2017 19:04:33 UTC] The London gallery shining a light on neon art
[30-Jun-2017 19:04:33 UTC] id dup
[30-Jun-2017 19:04:33 UTC] Street artists bring color to Israeli and Jordanian streets
[30-Jun-2017 19:04:33 UTC] id dup
[30-Jun-2017 19:04:33 UTC] Madame Tussauds-owner Merlin says Manchester, London attacks hit demand
[30-Jun-2017 19:04:33 UTC] id dup
[30-Jun-2017 19:04:33 UTC] British artist Grayson Perry explores a divided country in new exhibition
[30-Jun-2017 19:04:33 UTC] id dup
[30-Jun-2017 19:08:11 UTC] THEORY: Is Pokemon GSC’s Silver the Father of RSE’s Maxie? Array
[30-Jun-2017 19:08:11 UTC] id dup
[30-Jun-2017 19:08:11 UTC] TheSmartOjus Blog: What Have I Been Playing (June 2017) Array
[30-Jun-2017 19:08:11 UTC] id dup
[30-Jun-2017 19:08:11 UTC] Pokémon! WOAH Array
[30-Jun-2017 19:08:11 UTC] id dup
[30-Jun-2017 19:08:11 UTC] Week 3 — and introduction to the world wide web. Array
[30-Jun-2017 19:08:11 UTC] id dup
[30-Jun-2017 19:08:11 UTC] Super Smash School book 2: How eggs are made Array
[30-Jun-2017 19:08:11 UTC] id unique
[30-Jun-2017 19:08:11 UTC] Mille grazie, Prismo Array
[30-Jun-2017 19:08:11 UTC] id unique
[30-Jun-2017 19:08:11 UTC] Sand sculpture festival brings super-heroes to Belgian beach 
[30-Jun-2017 19:08:11 UTC] id dup
[30-Jun-2017 19:08:11 UTC] George III, George Washington to share limelight in U.S.-UK exhibit 
[30-Jun-2017 19:08:11 UTC] id dup
[30-Jun-2017 19:08:11 UTC] London's V&A goes underground for new gallery 
[30-Jun-2017 19:08:11 UTC] id dup
[30-Jun-2017 19:08:11 UTC] As art flies off the walls at Basel, buyers beware, experts warn 
[30-Jun-2017 19:08:11 UTC] id dup
[30-Jun-2017 19:08:11 UTC] Italy court suspends ruling that ousted museum directors 
[30-Jun-2017 19:08:11 UTC] id dup
[30-Jun-2017 19:08:11 UTC] Architect claims NY's One World Trade Center stole his design 
[30-Jun-2017 19:08:11 UTC] id dup
[30-Jun-2017 19:08:11 UTC] The London gallery shining a light on neon art 
[30-Jun-2017 19:08:11 UTC] id dup
[30-Jun-2017 19:08:11 UTC] Street artists bring color to Israeli and Jordanian streets 
[30-Jun-2017 19:08:11 UTC] id dup
[30-Jun-2017 19:08:11 UTC] Madame Tussauds-owner Merlin says Manchester, London attacks hit demand 
[30-Jun-2017 19:08:11 UTC] id dup
[30-Jun-2017 19:08:11 UTC] British artist Grayson Perry explores a divided country in new exhibition 
[30-Jun-2017 19:08:11 UTC] id dup
[30-Jun-2017 19:30:28 UTC] PHP Notice:  Array to string conversion in /Users/jakecampa/Desktop/rssfeed-wp/wp-content/plugins/rssfeeder/rssfeeder.php on line 135
[30-Jun-2017 19:30:28 UTC]  Array
[30-Jun-2017 19:30:28 UTC] id dup
[30-Jun-2017 19:30:28 UTC] PHP Notice:  Array to string conversion in /Users/jakecampa/Desktop/rssfeed-wp/wp-content/plugins/rssfeeder/rssfeeder.php on line 135
[30-Jun-2017 19:30:28 UTC]  Array
[30-Jun-2017 19:30:28 UTC] id dup
[30-Jun-2017 19:30:28 UTC] PHP Notice:  Array to string conversion in /Users/jakecampa/Desktop/rssfeed-wp/wp-content/plugins/rssfeeder/rssfeeder.php on line 135
[30-Jun-2017 19:30:28 UTC]  Array
[30-Jun-2017 19:30:28 UTC] id dup
[30-Jun-2017 19:30:28 UTC] PHP Notice:  Array to string conversion in /Users/jakecampa/Desktop/rssfeed-wp/wp-content/plugins/rssfeeder/rssfeeder.php on line 135
[30-Jun-2017 19:30:28 UTC]  Array
[30-Jun-2017 19:30:28 UTC] id dup
[30-Jun-2017 19:30:28 UTC] PHP Notice:  Array to string conversion in /Users/jakecampa/Desktop/rssfeed-wp/wp-content/plugins/rssfeeder/rssfeeder.php on line 135
[30-Jun-2017 19:30:28 UTC]  Array
[30-Jun-2017 19:30:28 UTC] id unique
[30-Jun-2017 19:30:28 UTC] PHP Notice:  Array to string conversion in /Users/jakecampa/Desktop/rssfeed-wp/wp-content/plugins/rssfeeder/rssfeeder.php on line 135
[30-Jun-2017 19:30:28 UTC]  Array
[30-Jun-2017 19:30:28 UTC] id unique
[30-Jun-2017 19:30:28 UTC] en-us 
[30-Jun-2017 19:30:28 UTC] id dup
[30-Jun-2017 19:30:28 UTC] en-us 
[30-Jun-2017 19:30:28 UTC] id dup
[30-Jun-2017 19:30:28 UTC] en-us 
[30-Jun-2017 19:30:28 UTC] id dup
[30-Jun-2017 19:30:28 UTC] en-us 
[30-Jun-2017 19:30:28 UTC] id dup
[30-Jun-2017 19:30:28 UTC] en-us 
[30-Jun-2017 19:30:28 UTC] id dup
[30-Jun-2017 19:30:28 UTC] en-us 
[30-Jun-2017 19:30:28 UTC] id dup
[30-Jun-2017 19:30:28 UTC] en-us 
[30-Jun-2017 19:30:28 UTC] id dup
[30-Jun-2017 19:30:28 UTC] en-us 
[30-Jun-2017 19:30:28 UTC] id dup
[30-Jun-2017 19:30:28 UTC] en-us 
[30-Jun-2017 19:30:28 UTC] id dup
[30-Jun-2017 19:30:28 UTC] en-us 
[30-Jun-2017 19:30:28 UTC] id dup
[30-Jun-2017 19:33:18 UTC] PHP Notice:  Array to string conversion in /Users/jakecampa/Desktop/rssfeed-wp/wp-content/plugins/rssfeeder/rssfeeder.php on line 135
[30-Jun-2017 19:33:18 UTC]  Array
[30-Jun-2017 19:33:18 UTC] id dup
[30-Jun-2017 19:33:18 UTC] PHP Notice:  Array to string conversion in /Users/jakecampa/Desktop/rssfeed-wp/wp-content/plugins/rssfeeder/rssfeeder.php on line 135
[30-Jun-2017 19:33:18 UTC]  Array
[30-Jun-2017 19:33:18 UTC] id dup
[30-Jun-2017 19:33:18 UTC] PHP Notice:  Array to string conversion in /Users/jakecampa/Desktop/rssfeed-wp/wp-content/plugins/rssfeeder/rssfeeder.php on line 135
[30-Jun-2017 19:33:18 UTC]  Array
[30-Jun-2017 19:33:18 UTC] id dup
[30-Jun-2017 19:33:18 UTC] PHP Notice:  Array to string conversion in /Users/jakecampa/Desktop/rssfeed-wp/wp-content/plugins/rssfeeder/rssfeeder.php on line 135
[30-Jun-2017 19:33:18 UTC]  Array
[30-Jun-2017 19:33:18 UTC] id dup
[30-Jun-2017 19:33:18 UTC] PHP Notice:  Array to string conversion in /Users/jakecampa/Desktop/rssfeed-wp/wp-content/plugins/rssfeeder/rssfeeder.php on line 135
[30-Jun-2017 19:33:18 UTC]  Array
[30-Jun-2017 19:33:18 UTC] id unique
[30-Jun-2017 19:33:18 UTC] PHP Notice:  Array to string conversion in /Users/jakecampa/Desktop/rssfeed-wp/wp-content/plugins/rssfeeder/rssfeeder.php on line 135
[30-Jun-2017 19:33:18 UTC]  Array
[30-Jun-2017 19:33:18 UTC] id unique
[30-Jun-2017 19:33:18 UTC] en-us 
[30-Jun-2017 19:33:18 UTC] id dup
[30-Jun-2017 19:33:18 UTC] en-us 
[30-Jun-2017 19:33:18 UTC] id dup
[30-Jun-2017 19:33:18 UTC] en-us 
[30-Jun-2017 19:33:18 UTC] id dup
[30-Jun-2017 19:33:18 UTC] en-us 
[30-Jun-2017 19:33:18 UTC] id dup
[30-Jun-2017 19:33:18 UTC] en-us 
[30-Jun-2017 19:33:18 UTC] id dup
[30-Jun-2017 19:33:18 UTC] en-us 
[30-Jun-2017 19:33:18 UTC] id dup
[30-Jun-2017 19:33:18 UTC] en-us 
[30-Jun-2017 19:33:18 UTC] id dup
[30-Jun-2017 19:33:18 UTC] en-us 
[30-Jun-2017 19:33:18 UTC] id dup
[30-Jun-2017 19:33:18 UTC] en-us 
[30-Jun-2017 19:33:18 UTC] id dup
[30-Jun-2017 19:33:18 UTC] en-us 
[30-Jun-2017 19:33:18 UTC] id dup
[30-Jun-2017 19:33:19 UTC] en 
[30-Jun-2017 19:33:19 UTC] id unique
[30-Jun-2017 19:33:20 UTC] post fired: 12546
[30-Jun-2017 19:33:20 UTC] post complete: 12546
[30-Jun-2017 19:33:20 UTC] Tag Fired
[30-Jun-2017 19:33:20 UTC] Tag Complete
[30-Jun-2017 19:33:20 UTC] en 
[30-Jun-2017 19:33:20 UTC] id unique
[30-Jun-2017 19:33:20 UTC] PHP Notice:  WP_User->id was called with an argument that is <strong>deprecated</strong> since version 2.1.0! Use <code>WP_User->ID</code> instead. in /Users/jakecampa/Desktop/rssfeed-wp/wp-includes/functions.php on line 4023
[30-Jun-2017 19:33:20 UTC] post fired: 12547
[30-Jun-2017 19:33:20 UTC] post complete: 12547
[30-Jun-2017 19:33:20 UTC] Tag Fired
[30-Jun-2017 19:33:20 UTC] Tag Complete
[30-Jun-2017 19:33:20 UTC] en 
[30-Jun-2017 19:33:20 UTC] id unique
[30-Jun-2017 19:33:20 UTC] PHP Notice:  WP_User->id was called with an argument that is <strong>deprecated</strong> since version 2.1.0! Use <code>WP_User->ID</code> instead. in /Users/jakecampa/Desktop/rssfeed-wp/wp-includes/functions.php on line 4023
[30-Jun-2017 19:33:20 UTC] post fired: 12548
[30-Jun-2017 19:33:20 UTC] post complete: 12548
[30-Jun-2017 19:33:20 UTC] Tag Fired
[30-Jun-2017 19:33:20 UTC] Tag Complete
[30-Jun-2017 19:33:20 UTC] en 
[30-Jun-2017 19:33:20 UTC] id unique
[30-Jun-2017 19:33:20 UTC] PHP Notice:  WP_User->id was called with an argument that is <strong>deprecated</strong> since version 2.1.0! Use <code>WP_User->ID</code> instead. in /Users/jakecampa/Desktop/rssfeed-wp/wp-includes/functions.php on line 4023
[30-Jun-2017 19:33:20 UTC] post fired: 12549
[30-Jun-2017 19:33:20 UTC] post complete: 12549
[30-Jun-2017 19:33:20 UTC] Tag Fired
[30-Jun-2017 19:33:20 UTC] Tag Complete
[30-Jun-2017 19:33:20 UTC] en 
[30-Jun-2017 19:33:20 UTC] id unique
[30-Jun-2017 19:33:20 UTC] PHP Notice:  WP_User->id was called with an argument that is <strong>deprecated</strong> since version 2.1.0! Use <code>WP_User->ID</code> instead. in /Users/jakecampa/Desktop/rssfeed-wp/wp-includes/functions.php on line 4023
[30-Jun-2017 19:33:20 UTC] post fired: 12550
[30-Jun-2017 19:33:20 UTC] post complete: 12550
[30-Jun-2017 19:33:20 UTC] Tag Fired
[30-Jun-2017 19:33:20 UTC] Tag Complete
[30-Jun-2017 19:33:20 UTC] en 
[30-Jun-2017 19:33:20 UTC] id unique
[30-Jun-2017 19:33:20 UTC] PHP Notice:  WP_User->id was called with an argument that is <strong>deprecated</strong> since version 2.1.0! Use <code>WP_User->ID</code> instead. in /Users/jakecampa/Desktop/rssfeed-wp/wp-includes/functions.php on line 4023
[30-Jun-2017 19:33:20 UTC] post fired: 12551
[30-Jun-2017 19:33:20 UTC] post complete: 12551
[30-Jun-2017 19:33:20 UTC] Tag Fired
[30-Jun-2017 19:33:20 UTC] Tag Complete
[30-Jun-2017 19:33:20 UTC] en 
[30-Jun-2017 19:33:20 UTC] id unique
[30-Jun-2017 19:33:20 UTC] PHP Notice:  WP_User->id was called with an argument that is <strong>deprecated</strong> since version 2.1.0! Use <code>WP_User->ID</code> instead. in /Users/jakecampa/Desktop/rssfeed-wp/wp-includes/functions.php on line 4023
[30-Jun-2017 19:33:20 UTC] post fired: 12552
[30-Jun-2017 19:33:20 UTC] post complete: 12552
[30-Jun-2017 19:33:20 UTC] Tag Fired
[30-Jun-2017 19:33:20 UTC] Tag Complete
[30-Jun-2017 19:33:20 UTC] en 
[30-Jun-2017 19:33:20 UTC] id unique
[30-Jun-2017 19:33:20 UTC] PHP Notice:  WP_User->id was called with an argument that is <strong>deprecated</strong> since version 2.1.0! Use <code>WP_User->ID</code> instead. in /Users/jakecampa/Desktop/rssfeed-wp/wp-includes/functions.php on line 4023
[30-Jun-2017 19:33:20 UTC] post fired: 12553
[30-Jun-2017 19:33:20 UTC] post complete: 12553
[30-Jun-2017 19:33:20 UTC] Tag Fired
[30-Jun-2017 19:33:20 UTC] Tag Complete
[30-Jun-2017 19:33:20 UTC] en 
[30-Jun-2017 19:33:20 UTC] id unique
[30-Jun-2017 19:33:20 UTC] PHP Notice:  WP_User->id was called with an argument that is <strong>deprecated</strong> since version 2.1.0! Use <code>WP_User->ID</code> instead. in /Users/jakecampa/Desktop/rssfeed-wp/wp-includes/functions.php on line 4023
[30-Jun-2017 19:33:20 UTC] post fired: 12554
[30-Jun-2017 19:33:20 UTC] post complete: 12554
[30-Jun-2017 19:33:20 UTC] Tag Fired
[30-Jun-2017 19:33:20 UTC] Tag Complete
[30-Jun-2017 19:33:20 UTC] en 
[30-Jun-2017 19:33:20 UTC] id unique
[30-Jun-2017 19:33:20 UTC] PHP Notice:  WP_User->id was called with an argument that is <strong>deprecated</strong> since version 2.1.0! Use <code>WP_User->ID</code> instead. in /Users/jakecampa/Desktop/rssfeed-wp/wp-includes/functions.php on line 4023
[30-Jun-2017 19:33:20 UTC] post fired: 12555
[30-Jun-2017 19:33:20 UTC] post complete: 12555
[30-Jun-2017 19:33:20 UTC] Tag Fired
[30-Jun-2017 19:33:20 UTC] Tag Complete
[30-Jun-2017 19:33:20 UTC] en 
[30-Jun-2017 19:33:20 UTC] id unique
[30-Jun-2017 19:33:20 UTC] PHP Notice:  WP_User->id was called with an argument that is <strong>deprecated</strong> since version 2.1.0! Use <code>WP_User->ID</code> instead. in /Users/jakecampa/Desktop/rssfeed-wp/wp-includes/functions.php on line 4023
[30-Jun-2017 19:33:20 UTC] post fired: 12556
[30-Jun-2017 19:33:20 UTC] post complete: 12556
[30-Jun-2017 19:33:20 UTC] Tag Fired
[30-Jun-2017 19:33:20 UTC] Tag Complete
[30-Jun-2017 19:33:20 UTC] en 
[30-Jun-2017 19:33:20 UTC] id unique
[30-Jun-2017 19:33:20 UTC] PHP Notice:  WP_User->id was called with an argument that is <strong>deprecated</strong> since version 2.1.0! Use <code>WP_User->ID</code> instead. in /Users/jakecampa/Desktop/rssfeed-wp/wp-includes/functions.php on line 4023
[30-Jun-2017 19:33:20 UTC] post fired: 12557
[30-Jun-2017 19:33:20 UTC] post complete: 12557
[30-Jun-2017 19:33:20 UTC] Tag Fired
[30-Jun-2017 19:33:20 UTC] Tag Complete
[30-Jun-2017 19:33:20 UTC] en 
[30-Jun-2017 19:33:20 UTC] id unique
[30-Jun-2017 19:33:20 UTC] PHP Notice:  WP_User->id was called with an argument that is <strong>deprecated</strong> since version 2.1.0! Use <code>WP_User->ID</code> instead. in /Users/jakecampa/Desktop/rssfeed-wp/wp-includes/functions.php on line 4023
[30-Jun-2017 19:33:21 UTC] post fired: 12558
[30-Jun-2017 19:33:21 UTC] post complete: 12558
[30-Jun-2017 19:33:21 UTC] Tag Fired
[30-Jun-2017 19:33:21 UTC] Tag Complete
[30-Jun-2017 19:33:21 UTC] en 
[30-Jun-2017 19:33:21 UTC] id unique
[30-Jun-2017 19:33:21 UTC] PHP Notice:  WP_User->id was called with an argument that is <strong>deprecated</strong> since version 2.1.0! Use <code>WP_User->ID</code> instead. in /Users/jakecampa/Desktop/rssfeed-wp/wp-includes/functions.php on line 4023
[30-Jun-2017 19:33:21 UTC] post fired: 12559
[30-Jun-2017 19:33:21 UTC] post complete: 12559
[30-Jun-2017 19:33:21 UTC] Tag Fired
[30-Jun-2017 19:33:21 UTC] Tag Complete
[30-Jun-2017 19:33:21 UTC] en 
[30-Jun-2017 19:33:21 UTC] id unique
[30-Jun-2017 19:33:21 UTC] PHP Notice:  WP_User->id was called with an argument that is <strong>deprecated</strong> since version 2.1.0! Use <code>WP_User->ID</code> instead. in /Users/jakecampa/Desktop/rssfeed-wp/wp-includes/functions.php on line 4023
[30-Jun-2017 19:33:21 UTC] post fired: 12560
[30-Jun-2017 19:33:21 UTC] post complete: 12560
[30-Jun-2017 19:33:21 UTC] Tag Fired
[30-Jun-2017 19:33:21 UTC] Tag Complete
[30-Jun-2017 19:33:21 UTC] en 
[30-Jun-2017 19:33:21 UTC] id unique
[30-Jun-2017 19:33:21 UTC] PHP Notice:  WP_User->id was called with an argument that is <strong>deprecated</strong> since version 2.1.0! Use <code>WP_User->ID</code> instead. in /Users/jakecampa/Desktop/rssfeed-wp/wp-includes/functions.php on line 4023
[30-Jun-2017 19:33:21 UTC] post fired: 12561
[30-Jun-2017 19:33:21 UTC] post complete: 12561
[30-Jun-2017 19:33:21 UTC] Tag Fired
[30-Jun-2017 19:33:21 UTC] Tag Complete
[30-Jun-2017 19:33:21 UTC] en 
[30-Jun-2017 19:33:21 UTC] id unique
[30-Jun-2017 19:33:21 UTC] PHP Notice:  WP_User->id was called with an argument that is <strong>deprecated</strong> since version 2.1.0! Use <code>WP_User->ID</code> instead. in /Users/jakecampa/Desktop/rssfeed-wp/wp-includes/functions.php on line 4023
[30-Jun-2017 19:33:21 UTC] post fired: 12562
[30-Jun-2017 19:33:21 UTC] post complete: 12562
[30-Jun-2017 19:33:21 UTC] Tag Fired
[30-Jun-2017 19:33:21 UTC] Tag Complete
[30-Jun-2017 19:33:21 UTC] en 
[30-Jun-2017 19:33:21 UTC] id unique
[30-Jun-2017 19:33:21 UTC] PHP Notice:  WP_User->id was called with an argument that is <strong>deprecated</strong> since version 2.1.0! Use <code>WP_User->ID</code> instead. in /Users/jakecampa/Desktop/rssfeed-wp/wp-includes/functions.php on line 4023
[30-Jun-2017 19:33:21 UTC] post fired: 12563
[30-Jun-2017 19:33:21 UTC] post complete: 12563
[30-Jun-2017 19:33:21 UTC] Tag Fired
[30-Jun-2017 19:33:21 UTC] Tag Complete
[30-Jun-2017 19:33:21 UTC] en 
[30-Jun-2017 19:33:21 UTC] id unique
[30-Jun-2017 19:33:21 UTC] PHP Notice:  WP_User->id was called with an argument that is <strong>deprecated</strong> since version 2.1.0! Use <code>WP_User->ID</code> instead. in /Users/jakecampa/Desktop/rssfeed-wp/wp-includes/functions.php on line 4023
[30-Jun-2017 19:33:21 UTC] post fired: 12564
[30-Jun-2017 19:33:21 UTC] post complete: 12564
[30-Jun-2017 19:33:21 UTC] Tag Fired
[30-Jun-2017 19:33:21 UTC] Tag Complete
[30-Jun-2017 19:33:21 UTC] en 
[30-Jun-2017 19:33:21 UTC] id unique
[30-Jun-2017 19:33:21 UTC] PHP Notice:  WP_User->id was called with an argument that is <strong>deprecated</strong> since version 2.1.0! Use <code>WP_User->ID</code> instead. in /Users/jakecampa/Desktop/rssfeed-wp/wp-includes/functions.php on line 4023
[30-Jun-2017 19:33:21 UTC] post fired: 12565
[30-Jun-2017 19:33:21 UTC] post complete: 12565
[30-Jun-2017 19:33:21 UTC] Tag Fired
[30-Jun-2017 19:33:21 UTC] Tag Complete
[30-Jun-2017 19:33:21 UTC] en 
[30-Jun-2017 19:33:21 UTC] id unique
[30-Jun-2017 19:33:21 UTC] PHP Notice:  WP_User->id was called with an argument that is <strong>deprecated</strong> since version 2.1.0! Use <code>WP_User->ID</code> instead. in /Users/jakecampa/Desktop/rssfeed-wp/wp-includes/functions.php on line 4023
[30-Jun-2017 19:33:21 UTC] post fired: 12566
[30-Jun-2017 19:33:21 UTC] post complete: 12566
[30-Jun-2017 19:33:21 UTC] Tag Fired
[30-Jun-2017 19:33:21 UTC] Tag Complete
[30-Jun-2017 19:33:21 UTC] en 
[30-Jun-2017 19:33:21 UTC] id unique
[30-Jun-2017 19:33:21 UTC] PHP Notice:  WP_User->id was called with an argument that is <strong>deprecated</strong> since version 2.1.0! Use <code>WP_User->ID</code> instead. in /Users/jakecampa/Desktop/rssfeed-wp/wp-includes/functions.php on line 4023
[30-Jun-2017 19:33:21 UTC] post fired: 12567
[30-Jun-2017 19:33:21 UTC] post complete: 12567
[30-Jun-2017 19:33:21 UTC] Tag Fired
[30-Jun-2017 19:33:21 UTC] Tag Complete
[30-Jun-2017 19:33:21 UTC] en 
[30-Jun-2017 19:33:21 UTC] id unique
[30-Jun-2017 19:33:21 UTC] PHP Notice:  WP_User->id was called with an argument that is <strong>deprecated</strong> since version 2.1.0! Use <code>WP_User->ID</code> instead. in /Users/jakecampa/Desktop/rssfeed-wp/wp-includes/functions.php on line 4023
[30-Jun-2017 19:33:21 UTC] post fired: 12568
[30-Jun-2017 19:33:21 UTC] post complete: 12568
[30-Jun-2017 19:33:21 UTC] Tag Fired
[30-Jun-2017 19:33:21 UTC] Tag Complete
[30-Jun-2017 19:33:21 UTC] en 
[30-Jun-2017 19:33:21 UTC] id unique
[30-Jun-2017 19:33:21 UTC] PHP Notice:  WP_User->id was called with an argument that is <strong>deprecated</strong> since version 2.1.0! Use <code>WP_User->ID</code> instead. in /Users/jakecampa/Desktop/rssfeed-wp/wp-includes/functions.php on line 4023
[30-Jun-2017 19:33:21 UTC] post fired: 12569
[30-Jun-2017 19:33:21 UTC] post complete: 12569
[30-Jun-2017 19:33:21 UTC] Tag Fired
[30-Jun-2017 19:33:21 UTC] Tag Complete
[30-Jun-2017 19:33:21 UTC] en 
[30-Jun-2017 19:33:21 UTC] id unique
[30-Jun-2017 19:33:21 UTC] PHP Notice:  WP_User->id was called with an argument that is <strong>deprecated</strong> since version 2.1.0! Use <code>WP_User->ID</code> instead. in /Users/jakecampa/Desktop/rssfeed-wp/wp-includes/functions.php on line 4023
[30-Jun-2017 19:33:21 UTC] post fired: 12570
[30-Jun-2017 19:33:21 UTC] post complete: 12570
[30-Jun-2017 19:33:21 UTC] Tag Fired
[30-Jun-2017 19:33:21 UTC] Tag Complete
[30-Jun-2017 19:33:21 UTC] en 
[30-Jun-2017 19:33:21 UTC] id unique
[30-Jun-2017 19:33:21 UTC] PHP Notice:  WP_User->id was called with an argument that is <strong>deprecated</strong> since version 2.1.0! Use <code>WP_User->ID</code> instead. in /Users/jakecampa/Desktop/rssfeed-wp/wp-includes/functions.php on line 4023
[30-Jun-2017 19:33:21 UTC] post fired: 12571
[30-Jun-2017 19:33:21 UTC] post complete: 12571
[30-Jun-2017 19:33:21 UTC] Tag Fired
[30-Jun-2017 19:33:21 UTC] Tag Complete
[30-Jun-2017 19:33:21 UTC] en 
[30-Jun-2017 19:33:21 UTC] id unique
[30-Jun-2017 19:33:21 UTC] PHP Notice:  WP_User->id was called with an argument that is <strong>deprecated</strong> since version 2.1.0! Use <code>WP_User->ID</code> instead. in /Users/jakecampa/Desktop/rssfeed-wp/wp-includes/functions.php on line 4023
[30-Jun-2017 19:33:21 UTC] post fired: 12572
[30-Jun-2017 19:33:21 UTC] post complete: 12572
[30-Jun-2017 19:33:21 UTC] Tag Fired
[30-Jun-2017 19:33:21 UTC] Tag Complete
[30-Jun-2017 19:33:21 UTC] en 
[30-Jun-2017 19:33:21 UTC] id unique
[30-Jun-2017 19:33:21 UTC] PHP Notice:  WP_User->id was called with an argument that is <strong>deprecated</strong> since version 2.1.0! Use <code>WP_User->ID</code> instead. in /Users/jakecampa/Desktop/rssfeed-wp/wp-includes/functions.php on line 4023
[30-Jun-2017 19:33:21 UTC] post fired: 12573
[30-Jun-2017 19:33:21 UTC] post complete: 12573
[30-Jun-2017 19:33:21 UTC] Tag Fired
[30-Jun-2017 19:33:21 UTC] Tag Complete
[30-Jun-2017 19:33:21 UTC] en 
[30-Jun-2017 19:33:21 UTC] id unique
[30-Jun-2017 19:33:21 UTC] PHP Notice:  WP_User->id was called with an argument that is <strong>deprecated</strong> since version 2.1.0! Use <code>WP_User->ID</code> instead. in /Users/jakecampa/Desktop/rssfeed-wp/wp-includes/functions.php on line 4023
[30-Jun-2017 19:33:21 UTC] post fired: 12574
[30-Jun-2017 19:33:21 UTC] post complete: 12574
[30-Jun-2017 19:33:21 UTC] Tag Fired
[30-Jun-2017 19:33:22 UTC] Tag Complete
[30-Jun-2017 19:33:22 UTC] en 
[30-Jun-2017 19:33:22 UTC] id unique
[30-Jun-2017 19:33:22 UTC] PHP Notice:  WP_User->id was called with an argument that is <strong>deprecated</strong> since version 2.1.0! Use <code>WP_User->ID</code> instead. in /Users/jakecampa/Desktop/rssfeed-wp/wp-includes/functions.php on line 4023
[30-Jun-2017 19:33:22 UTC] post fired: 12575
[30-Jun-2017 19:33:22 UTC] post complete: 12575
[30-Jun-2017 19:33:22 UTC] Tag Fired
[30-Jun-2017 19:33:22 UTC] Tag Complete
[30-Jun-2017 19:33:22 UTC] en 
[30-Jun-2017 19:33:22 UTC] id unique
[30-Jun-2017 19:33:22 UTC] PHP Notice:  WP_User->id was called with an argument that is <strong>deprecated</strong> since version 2.1.0! Use <code>WP_User->ID</code> instead. in /Users/jakecampa/Desktop/rssfeed-wp/wp-includes/functions.php on line 4023
[30-Jun-2017 19:33:22 UTC] post fired: 12576
[30-Jun-2017 19:33:22 UTC] post complete: 12576
[30-Jun-2017 19:33:22 UTC] Tag Fired
[30-Jun-2017 19:33:22 UTC] Tag Complete
[30-Jun-2017 19:33:22 UTC] en 
[30-Jun-2017 19:33:22 UTC] id unique
[30-Jun-2017 19:33:22 UTC] PHP Notice:  WP_User->id was called with an argument that is <strong>deprecated</strong> since version 2.1.0! Use <code>WP_User->ID</code> instead. in /Users/jakecampa/Desktop/rssfeed-wp/wp-includes/functions.php on line 4023
[30-Jun-2017 19:33:22 UTC] post fired: 12577
[30-Jun-2017 19:33:22 UTC] post complete: 12577
[30-Jun-2017 19:33:22 UTC] Tag Fired
[30-Jun-2017 19:33:22 UTC] Tag Complete
[30-Jun-2017 19:33:22 UTC] en 
[30-Jun-2017 19:33:22 UTC] id unique
[30-Jun-2017 19:33:22 UTC] PHP Notice:  WP_User->id was called with an argument that is <strong>deprecated</strong> since version 2.1.0! Use <code>WP_User->ID</code> instead. in /Users/jakecampa/Desktop/rssfeed-wp/wp-includes/functions.php on line 4023
[30-Jun-2017 19:33:22 UTC] post fired: 12578
[30-Jun-2017 19:33:22 UTC] post complete: 12578
[30-Jun-2017 19:33:22 UTC] Tag Fired
[30-Jun-2017 19:33:22 UTC] Tag Complete
[30-Jun-2017 19:33:22 UTC] en 
[30-Jun-2017 19:33:22 UTC] id unique
[30-Jun-2017 19:33:22 UTC] PHP Notice:  WP_User->id was called with an argument that is <strong>deprecated</strong> since version 2.1.0! Use <code>WP_User->ID</code> instead. in /Users/jakecampa/Desktop/rssfeed-wp/wp-includes/functions.php on line 4023
[30-Jun-2017 19:33:22 UTC] post fired: 12579
[30-Jun-2017 19:33:22 UTC] post complete: 12579
[30-Jun-2017 19:33:22 UTC] Tag Fired
[30-Jun-2017 19:33:22 UTC] Tag Complete
[30-Jun-2017 19:33:22 UTC] en 
[30-Jun-2017 19:33:22 UTC] id unique
[30-Jun-2017 19:33:22 UTC] PHP Notice:  WP_User->id was called with an argument that is <strong>deprecated</strong> since version 2.1.0! Use <code>WP_User->ID</code> instead. in /Users/jakecampa/Desktop/rssfeed-wp/wp-includes/functions.php on line 4023
[30-Jun-2017 19:33:22 UTC] post fired: 12580
[30-Jun-2017 19:33:22 UTC] post complete: 12580
[30-Jun-2017 19:33:22 UTC] Tag Fired
[30-Jun-2017 19:33:22 UTC] Tag Complete
[30-Jun-2017 19:33:22 UTC] en 
[30-Jun-2017 19:33:22 UTC] id unique
[30-Jun-2017 19:33:22 UTC] PHP Notice:  WP_User->id was called with an argument that is <strong>deprecated</strong> since version 2.1.0! Use <code>WP_User->ID</code> instead. in /Users/jakecampa/Desktop/rssfeed-wp/wp-includes/functions.php on line 4023
[30-Jun-2017 19:33:22 UTC] post fired: 12581
[30-Jun-2017 19:33:22 UTC] post complete: 12581
[30-Jun-2017 19:33:22 UTC] Tag Fired
[30-Jun-2017 19:33:22 UTC] Tag Complete
[30-Jun-2017 19:33:22 UTC] en 
[30-Jun-2017 19:33:22 UTC] id unique
[30-Jun-2017 19:33:22 UTC] PHP Notice:  WP_User->id was called with an argument that is <strong>deprecated</strong> since version 2.1.0! Use <code>WP_User->ID</code> instead. in /Users/jakecampa/Desktop/rssfeed-wp/wp-includes/functions.php on line 4023
[30-Jun-2017 19:33:22 UTC] post fired: 12582
[30-Jun-2017 19:33:22 UTC] post complete: 12582
[30-Jun-2017 19:33:22 UTC] Tag Fired
[30-Jun-2017 19:33:22 UTC] Tag Complete
[30-Jun-2017 19:33:22 UTC] en 
[30-Jun-2017 19:33:22 UTC] id unique
[30-Jun-2017 19:33:22 UTC] PHP Notice:  WP_User->id was called with an argument that is <strong>deprecated</strong> since version 2.1.0! Use <code>WP_User->ID</code> instead. in /Users/jakecampa/Desktop/rssfeed-wp/wp-includes/functions.php on line 4023
[30-Jun-2017 19:33:22 UTC] post fired: 12583
[30-Jun-2017 19:33:22 UTC] post complete: 12583
[30-Jun-2017 19:33:22 UTC] Tag Fired
[30-Jun-2017 19:33:22 UTC] Tag Complete
[30-Jun-2017 19:33:22 UTC] en 
[30-Jun-2017 19:33:22 UTC] id unique
[30-Jun-2017 19:33:22 UTC] PHP Notice:  WP_User->id was called with an argument that is <strong>deprecated</strong> since version 2.1.0! Use <code>WP_User->ID</code> instead. in /Users/jakecampa/Desktop/rssfeed-wp/wp-includes/functions.php on line 4023
[30-Jun-2017 19:33:22 UTC] post fired: 12584
[30-Jun-2017 19:33:22 UTC] post complete: 12584
[30-Jun-2017 19:33:22 UTC] Tag Fired
[30-Jun-2017 19:33:22 UTC] Tag Complete
[30-Jun-2017 19:33:22 UTC] en 
[30-Jun-2017 19:33:22 UTC] id unique
[30-Jun-2017 19:33:22 UTC] PHP Notice:  WP_User->id was called with an argument that is <strong>deprecated</strong> since version 2.1.0! Use <code>WP_User->ID</code> instead. in /Users/jakecampa/Desktop/rssfeed-wp/wp-includes/functions.php on line 4023
[30-Jun-2017 19:33:22 UTC] post fired: 12585
[30-Jun-2017 19:33:22 UTC] post complete: 12585
[30-Jun-2017 19:33:22 UTC] Tag Fired
[30-Jun-2017 19:33:22 UTC] Tag Complete
[30-Jun-2017 19:33:22 UTC] en 
[30-Jun-2017 19:33:22 UTC] id unique
[30-Jun-2017 19:33:22 UTC] PHP Notice:  WP_User->id was called with an argument that is <strong>deprecated</strong> since version 2.1.0! Use <code>WP_User->ID</code> instead. in /Users/jakecampa/Desktop/rssfeed-wp/wp-includes/functions.php on line 4023
[30-Jun-2017 19:33:22 UTC] post fired: 12586
[30-Jun-2017 19:33:22 UTC] post complete: 12586
[30-Jun-2017 19:33:22 UTC] Tag Fired
[30-Jun-2017 19:33:22 UTC] Tag Complete
[30-Jun-2017 19:33:22 UTC] en 
[30-Jun-2017 19:33:22 UTC] id unique
[30-Jun-2017 19:33:22 UTC] PHP Notice:  WP_User->id was called with an argument that is <strong>deprecated</strong> since version 2.1.0! Use <code>WP_User->ID</code> instead. in /Users/jakecampa/Desktop/rssfeed-wp/wp-includes/functions.php on line 4023
[30-Jun-2017 19:33:22 UTC] post fired: 12587
[30-Jun-2017 19:33:22 UTC] post complete: 12587
[30-Jun-2017 19:33:22 UTC] Tag Fired
[30-Jun-2017 19:33:22 UTC] Tag Complete
[30-Jun-2017 19:33:22 UTC] en 
[30-Jun-2017 19:33:22 UTC] id unique
[30-Jun-2017 19:33:22 UTC] PHP Notice:  WP_User->id was called with an argument that is <strong>deprecated</strong> since version 2.1.0! Use <code>WP_User->ID</code> instead. in /Users/jakecampa/Desktop/rssfeed-wp/wp-includes/functions.php on line 4023
[30-Jun-2017 19:33:22 UTC] post fired: 12588
[30-Jun-2017 19:33:22 UTC] post complete: 12588
[30-Jun-2017 19:33:22 UTC] Tag Fired
[30-Jun-2017 19:33:22 UTC] Tag Complete
[30-Jun-2017 19:33:22 UTC] en 
[30-Jun-2017 19:33:22 UTC] id unique
[30-Jun-2017 19:33:22 UTC] PHP Notice:  WP_User->id was called with an argument that is <strong>deprecated</strong> since version 2.1.0! Use <code>WP_User->ID</code> instead. in /Users/jakecampa/Desktop/rssfeed-wp/wp-includes/functions.php on line 4023
[30-Jun-2017 19:33:22 UTC] post fired: 12589
[30-Jun-2017 19:33:22 UTC] post complete: 12589
[30-Jun-2017 19:33:22 UTC] Tag Fired
[30-Jun-2017 19:33:22 UTC] Tag Complete
[30-Jun-2017 19:33:22 UTC] en 
[30-Jun-2017 19:33:22 UTC] id unique
[30-Jun-2017 19:33:22 UTC] PHP Notice:  WP_User->id was called with an argument that is <strong>deprecated</strong> since version 2.1.0! Use <code>WP_User->ID</code> instead. in /Users/jakecampa/Desktop/rssfeed-wp/wp-includes/functions.php on line 4023
[30-Jun-2017 19:33:22 UTC] post fired: 12590
[30-Jun-2017 19:33:22 UTC] post complete: 12590
[30-Jun-2017 19:33:22 UTC] Tag Fired
[30-Jun-2017 19:33:22 UTC] Tag Complete
[30-Jun-2017 19:33:22 UTC] en 
[30-Jun-2017 19:33:22 UTC] id unique
[30-Jun-2017 19:33:22 UTC] PHP Notice:  WP_User->id was called with an argument that is <strong>deprecated</strong> since version 2.1.0! Use <code>WP_User->ID</code> instead. in /Users/jakecampa/Desktop/rssfeed-wp/wp-includes/functions.php on line 4023
[30-Jun-2017 19:33:22 UTC] post fired: 12591
[30-Jun-2017 19:33:23 UTC] post complete: 12591
[30-Jun-2017 19:33:23 UTC] Tag Fired
[30-Jun-2017 19:33:23 UTC] Tag Complete
[30-Jun-2017 19:33:23 UTC] en 
[30-Jun-2017 19:33:23 UTC] id unique
[30-Jun-2017 19:33:23 UTC] PHP Notice:  WP_User->id was called with an argument that is <strong>deprecated</strong> since version 2.1.0! Use <code>WP_User->ID</code> instead. in /Users/jakecampa/Desktop/rssfeed-wp/wp-includes/functions.php on line 4023
[30-Jun-2017 19:33:23 UTC] post fired: 12592
[30-Jun-2017 19:33:23 UTC] post complete: 12592
[30-Jun-2017 19:33:23 UTC] Tag Fired
[30-Jun-2017 19:33:23 UTC] Tag Complete
[30-Jun-2017 19:33:23 UTC] en 
[30-Jun-2017 19:33:23 UTC] id unique
[30-Jun-2017 19:33:23 UTC] PHP Notice:  WP_User->id was called with an argument that is <strong>deprecated</strong> since version 2.1.0! Use <code>WP_User->ID</code> instead. in /Users/jakecampa/Desktop/rssfeed-wp/wp-includes/functions.php on line 4023
[30-Jun-2017 19:33:23 UTC] post fired: 12593
[30-Jun-2017 19:33:23 UTC] post complete: 12593
[30-Jun-2017 19:33:23 UTC] Tag Fired
[30-Jun-2017 19:33:23 UTC] Tag Complete
[30-Jun-2017 19:33:23 UTC] en 
[30-Jun-2017 19:33:23 UTC] id unique
[30-Jun-2017 19:33:23 UTC] PHP Notice:  WP_User->id was called with an argument that is <strong>deprecated</strong> since version 2.1.0! Use <code>WP_User->ID</code> instead. in /Users/jakecampa/Desktop/rssfeed-wp/wp-includes/functions.php on line 4023
[30-Jun-2017 19:33:23 UTC] post fired: 12594
[30-Jun-2017 19:33:23 UTC] post complete: 12594
[30-Jun-2017 19:33:23 UTC] Tag Fired
[30-Jun-2017 19:33:23 UTC] Tag Complete
[30-Jun-2017 19:33:23 UTC] en 
[30-Jun-2017 19:33:23 UTC] id unique
[30-Jun-2017 19:33:23 UTC] PHP Notice:  WP_User->id was called with an argument that is <strong>deprecated</strong> since version 2.1.0! Use <code>WP_User->ID</code> instead. in /Users/jakecampa/Desktop/rssfeed-wp/wp-includes/functions.php on line 4023
[30-Jun-2017 19:33:23 UTC] post fired: 12595
[30-Jun-2017 19:33:23 UTC] post complete: 12595
[30-Jun-2017 19:33:23 UTC] Tag Fired
[30-Jun-2017 19:33:23 UTC] Tag Complete
[30-Jun-2017 19:33:23 UTC] en 
[30-Jun-2017 19:33:23 UTC] id unique
[30-Jun-2017 19:33:23 UTC] PHP Notice:  WP_User->id was called with an argument that is <strong>deprecated</strong> since version 2.1.0! Use <code>WP_User->ID</code> instead. in /Users/jakecampa/Desktop/rssfeed-wp/wp-includes/functions.php on line 4023
[30-Jun-2017 19:33:23 UTC] post fired: 12596
[30-Jun-2017 19:33:23 UTC] post complete: 12596
[30-Jun-2017 19:33:23 UTC] Tag Fired
[30-Jun-2017 19:33:23 UTC] Tag Complete
[30-Jun-2017 19:33:23 UTC] en 
[30-Jun-2017 19:33:23 UTC] id unique
[30-Jun-2017 19:33:23 UTC] PHP Notice:  WP_User->id was called with an argument that is <strong>deprecated</strong> since version 2.1.0! Use <code>WP_User->ID</code> instead. in /Users/jakecampa/Desktop/rssfeed-wp/wp-includes/functions.php on line 4023
[30-Jun-2017 19:33:23 UTC] post fired: 12597
[30-Jun-2017 19:33:23 UTC] post complete: 12597
[30-Jun-2017 19:33:23 UTC] Tag Fired
[30-Jun-2017 19:33:23 UTC] Tag Complete
[30-Jun-2017 19:33:23 UTC] en 
[30-Jun-2017 19:33:23 UTC] id unique
[30-Jun-2017 19:33:23 UTC] PHP Notice:  WP_User->id was called with an argument that is <strong>deprecated</strong> since version 2.1.0! Use <code>WP_User->ID</code> instead. in /Users/jakecampa/Desktop/rssfeed-wp/wp-includes/functions.php on line 4023
[30-Jun-2017 19:33:23 UTC] post fired: 12598
[30-Jun-2017 19:33:23 UTC] post complete: 12598
[30-Jun-2017 19:33:23 UTC] Tag Fired
[30-Jun-2017 19:33:23 UTC] Tag Complete
[30-Jun-2017 19:33:23 UTC] en 
[30-Jun-2017 19:33:23 UTC] id unique
[30-Jun-2017 19:33:23 UTC] PHP Notice:  WP_User->id was called with an argument that is <strong>deprecated</strong> since version 2.1.0! Use <code>WP_User->ID</code> instead. in /Users/jakecampa/Desktop/rssfeed-wp/wp-includes/functions.php on line 4023
[30-Jun-2017 19:33:23 UTC] post fired: 12599
[30-Jun-2017 19:33:23 UTC] post complete: 12599
[30-Jun-2017 19:33:23 UTC] Tag Fired
[30-Jun-2017 19:33:23 UTC] Tag Complete
[30-Jun-2017 19:33:23 UTC] en 
[30-Jun-2017 19:33:23 UTC] id unique
[30-Jun-2017 19:33:23 UTC] PHP Notice:  WP_User->id was called with an argument that is <strong>deprecated</strong> since version 2.1.0! Use <code>WP_User->ID</code> instead. in /Users/jakecampa/Desktop/rssfeed-wp/wp-includes/functions.php on line 4023
[30-Jun-2017 19:33:23 UTC] post fired: 12600
[30-Jun-2017 19:33:23 UTC] post complete: 12600
[30-Jun-2017 19:33:23 UTC] Tag Fired
[30-Jun-2017 19:33:23 UTC] Tag Complete
[30-Jun-2017 19:33:23 UTC] en 
[30-Jun-2017 19:33:23 UTC] id unique
[30-Jun-2017 19:33:23 UTC] PHP Notice:  WP_User->id was called with an argument that is <strong>deprecated</strong> since version 2.1.0! Use <code>WP_User->ID</code> instead. in /Users/jakecampa/Desktop/rssfeed-wp/wp-includes/functions.php on line 4023
[30-Jun-2017 19:33:23 UTC] post fired: 12601
[30-Jun-2017 19:33:23 UTC] post complete: 12601
[30-Jun-2017 19:33:23 UTC] Tag Fired
[30-Jun-2017 19:33:23 UTC] Tag Complete
[30-Jun-2017 19:33:23 UTC] en 
[30-Jun-2017 19:33:23 UTC] id unique
[30-Jun-2017 19:33:23 UTC] PHP Notice:  WP_User->id was called with an argument that is <strong>deprecated</strong> since version 2.1.0! Use <code>WP_User->ID</code> instead. in /Users/jakecampa/Desktop/rssfeed-wp/wp-includes/functions.php on line 4023
[30-Jun-2017 19:33:23 UTC] post fired: 12602
[30-Jun-2017 19:33:23 UTC] post complete: 12602
[30-Jun-2017 19:33:23 UTC] Tag Fired
[30-Jun-2017 19:33:23 UTC] Tag Complete
[30-Jun-2017 19:33:23 UTC] en 
[30-Jun-2017 19:33:23 UTC] id unique
[30-Jun-2017 19:33:23 UTC] PHP Notice:  WP_User->id was called with an argument that is <strong>deprecated</strong> since version 2.1.0! Use <code>WP_User->ID</code> instead. in /Users/jakecampa/Desktop/rssfeed-wp/wp-includes/functions.php on line 4023
[30-Jun-2017 19:33:23 UTC] post fired: 12603
[30-Jun-2017 19:33:23 UTC] post complete: 12603
[30-Jun-2017 19:33:23 UTC] Tag Fired
[30-Jun-2017 19:33:23 UTC] Tag Complete
[30-Jun-2017 19:33:23 UTC] en 
[30-Jun-2017 19:33:23 UTC] id unique
[30-Jun-2017 19:33:23 UTC] PHP Notice:  WP_User->id was called with an argument that is <strong>deprecated</strong> since version 2.1.0! Use <code>WP_User->ID</code> instead. in /Users/jakecampa/Desktop/rssfeed-wp/wp-includes/functions.php on line 4023
[30-Jun-2017 19:33:23 UTC] post fired: 12604
[30-Jun-2017 19:33:23 UTC] post complete: 12604
[30-Jun-2017 19:33:23 UTC] Tag Fired
[30-Jun-2017 19:33:23 UTC] Tag Complete
[30-Jun-2017 19:33:23 UTC] en 
[30-Jun-2017 19:33:23 UTC] id unique
[30-Jun-2017 19:33:23 UTC] PHP Notice:  WP_User->id was called with an argument that is <strong>deprecated</strong> since version 2.1.0! Use <code>WP_User->ID</code> instead. in /Users/jakecampa/Desktop/rssfeed-wp/wp-includes/functions.php on line 4023
[30-Jun-2017 19:33:23 UTC] post fired: 12605
[30-Jun-2017 19:33:23 UTC] post complete: 12605
[30-Jun-2017 19:33:23 UTC] Tag Fired
[30-Jun-2017 19:33:23 UTC] Tag Complete
[30-Jun-2017 19:33:23 UTC] en 
[30-Jun-2017 19:33:23 UTC] id unique
[30-Jun-2017 19:33:23 UTC] PHP Notice:  WP_User->id was called with an argument that is <strong>deprecated</strong> since version 2.1.0! Use <code>WP_User->ID</code> instead. in /Users/jakecampa/Desktop/rssfeed-wp/wp-includes/functions.php on line 4023
[30-Jun-2017 19:33:23 UTC] post fired: 12606
[30-Jun-2017 19:33:23 UTC] post complete: 12606
[30-Jun-2017 19:33:23 UTC] Tag Fired
[30-Jun-2017 19:33:23 UTC] Tag Complete
[30-Jun-2017 19:33:23 UTC] en 
[30-Jun-2017 19:33:23 UTC] id unique
[30-Jun-2017 19:33:23 UTC] PHP Notice:  WP_User->id was called with an argument that is <strong>deprecated</strong> since version 2.1.0! Use <code>WP_User->ID</code> instead. in /Users/jakecampa/Desktop/rssfeed-wp/wp-includes/functions.php on line 4023
[30-Jun-2017 19:33:24 UTC] post fired: 12607
[30-Jun-2017 19:33:24 UTC] post complete: 12607
[30-Jun-2017 19:33:24 UTC] Tag Fired
[30-Jun-2017 19:33:24 UTC] Tag Complete
[30-Jun-2017 19:33:24 UTC] en 
[30-Jun-2017 19:33:24 UTC] id unique
[30-Jun-2017 19:33:24 UTC] PHP Notice:  WP_User->id was called with an argument that is <strong>deprecated</strong> since version 2.1.0! Use <code>WP_User->ID</code> instead. in /Users/jakecampa/Desktop/rssfeed-wp/wp-includes/functions.php on line 4023
[30-Jun-2017 19:33:24 UTC] post fired: 12608
[30-Jun-2017 19:33:24 UTC] post complete: 12608
[30-Jun-2017 19:33:24 UTC] Tag Fired
[30-Jun-2017 19:33:24 UTC] Tag Complete
[30-Jun-2017 19:33:24 UTC] en 
[30-Jun-2017 19:33:24 UTC] id unique
[30-Jun-2017 19:33:24 UTC] PHP Notice:  WP_User->id was called with an argument that is <strong>deprecated</strong> since version 2.1.0! Use <code>WP_User->ID</code> instead. in /Users/jakecampa/Desktop/rssfeed-wp/wp-includes/functions.php on line 4023
[30-Jun-2017 19:33:24 UTC] post fired: 12609
[30-Jun-2017 19:33:24 UTC] post complete: 12609
[30-Jun-2017 19:33:24 UTC] Tag Fired
[30-Jun-2017 19:33:24 UTC] Tag Complete
[30-Jun-2017 19:33:24 UTC] en 
[30-Jun-2017 19:33:24 UTC] id unique
[30-Jun-2017 19:33:24 UTC] PHP Notice:  WP_User->id was called with an argument that is <strong>deprecated</strong> since version 2.1.0! Use <code>WP_User->ID</code> instead. in /Users/jakecampa/Desktop/rssfeed-wp/wp-includes/functions.php on line 4023
[30-Jun-2017 19:33:24 UTC] post fired: 12610
[30-Jun-2017 19:33:24 UTC] post complete: 12610
[30-Jun-2017 19:33:24 UTC] Tag Fired
[30-Jun-2017 19:33:24 UTC] Tag Complete
[30-Jun-2017 19:33:24 UTC] en 
[30-Jun-2017 19:33:24 UTC] id unique
[30-Jun-2017 19:33:24 UTC] PHP Notice:  WP_User->id was called with an argument that is <strong>deprecated</strong> since version 2.1.0! Use <code>WP_User->ID</code> instead. in /Users/jakecampa/Desktop/rssfeed-wp/wp-includes/functions.php on line 4023
[30-Jun-2017 19:33:24 UTC] post fired: 12611
[30-Jun-2017 19:33:24 UTC] post complete: 12611
[30-Jun-2017 19:33:24 UTC] Tag Fired
[30-Jun-2017 19:33:24 UTC] Tag Complete
[30-Jun-2017 19:33:24 UTC] en 
[30-Jun-2017 19:33:24 UTC] id unique
[30-Jun-2017 19:33:24 UTC] PHP Notice:  WP_User->id was called with an argument that is <strong>deprecated</strong> since version 2.1.0! Use <code>WP_User->ID</code> instead. in /Users/jakecampa/Desktop/rssfeed-wp/wp-includes/functions.php on line 4023
[30-Jun-2017 19:33:24 UTC] post fired: 12612
[30-Jun-2017 19:33:24 UTC] post complete: 12612
[30-Jun-2017 19:33:24 UTC] Tag Fired
[30-Jun-2017 19:33:24 UTC] Tag Complete
[30-Jun-2017 19:33:24 UTC] en 
[30-Jun-2017 19:33:24 UTC] id unique
[30-Jun-2017 19:33:24 UTC] PHP Notice:  WP_User->id was called with an argument that is <strong>deprecated</strong> since version 2.1.0! Use <code>WP_User->ID</code> instead. in /Users/jakecampa/Desktop/rssfeed-wp/wp-includes/functions.php on line 4023
[30-Jun-2017 19:33:24 UTC] post fired: 12613
[30-Jun-2017 19:33:24 UTC] post complete: 12613
[30-Jun-2017 19:33:24 UTC] Tag Fired
[30-Jun-2017 19:33:24 UTC] Tag Complete
[30-Jun-2017 19:33:24 UTC] en 
[30-Jun-2017 19:33:24 UTC] id unique
[30-Jun-2017 19:33:24 UTC] PHP Notice:  WP_User->id was called with an argument that is <strong>deprecated</strong> since version 2.1.0! Use <code>WP_User->ID</code> instead. in /Users/jakecampa/Desktop/rssfeed-wp/wp-includes/functions.php on line 4023
[30-Jun-2017 19:33:24 UTC] post fired: 12614
[30-Jun-2017 19:33:24 UTC] post complete: 12614
[30-Jun-2017 19:33:24 UTC] Tag Fired
[30-Jun-2017 19:33:24 UTC] Tag Complete
[30-Jun-2017 19:33:24 UTC] en 
[30-Jun-2017 19:33:24 UTC] id unique
[30-Jun-2017 19:33:24 UTC] PHP Notice:  WP_User->id was called with an argument that is <strong>deprecated</strong> since version 2.1.0! Use <code>WP_User->ID</code> instead. in /Users/jakecampa/Desktop/rssfeed-wp/wp-includes/functions.php on line 4023
[30-Jun-2017 19:33:24 UTC] post fired: 12615
[30-Jun-2017 19:33:24 UTC] post complete: 12615
[30-Jun-2017 19:33:24 UTC] Tag Fired
[30-Jun-2017 19:33:24 UTC] Tag Complete
[30-Jun-2017 19:33:24 UTC] en 
[30-Jun-2017 19:33:24 UTC] id unique
[30-Jun-2017 19:33:24 UTC] PHP Notice:  WP_User->id was called with an argument that is <strong>deprecated</strong> since version 2.1.0! Use <code>WP_User->ID</code> instead. in /Users/jakecampa/Desktop/rssfeed-wp/wp-includes/functions.php on line 4023
[30-Jun-2017 19:33:24 UTC] post fired: 12616
[30-Jun-2017 19:33:24 UTC] post complete: 12616
[30-Jun-2017 19:33:24 UTC] Tag Fired
[30-Jun-2017 19:33:24 UTC] Tag Complete
[30-Jun-2017 19:33:24 UTC] en 
[30-Jun-2017 19:33:24 UTC] id unique
[30-Jun-2017 19:33:24 UTC] PHP Notice:  WP_User->id was called with an argument that is <strong>deprecated</strong> since version 2.1.0! Use <code>WP_User->ID</code> instead. in /Users/jakecampa/Desktop/rssfeed-wp/wp-includes/functions.php on line 4023
[30-Jun-2017 19:33:24 UTC] post fired: 12617
[30-Jun-2017 19:33:24 UTC] post complete: 12617
[30-Jun-2017 19:33:24 UTC] Tag Fired
[30-Jun-2017 19:33:24 UTC] Tag Complete
[30-Jun-2017 19:33:24 UTC] en 
[30-Jun-2017 19:33:24 UTC] id unique
[30-Jun-2017 19:33:24 UTC] PHP Notice:  WP_User->id was called with an argument that is <strong>deprecated</strong> since version 2.1.0! Use <code>WP_User->ID</code> instead. in /Users/jakecampa/Desktop/rssfeed-wp/wp-includes/functions.php on line 4023
[30-Jun-2017 19:33:24 UTC] post fired: 12618
[30-Jun-2017 19:33:24 UTC] post complete: 12618
[30-Jun-2017 19:33:24 UTC] Tag Fired
[30-Jun-2017 19:33:24 UTC] Tag Complete
[30-Jun-2017 19:33:24 UTC] en 
[30-Jun-2017 19:33:24 UTC] id unique
[30-Jun-2017 19:33:24 UTC] PHP Notice:  WP_User->id was called with an argument that is <strong>deprecated</strong> since version 2.1.0! Use <code>WP_User->ID</code> instead. in /Users/jakecampa/Desktop/rssfeed-wp/wp-includes/functions.php on line 4023
[30-Jun-2017 19:33:24 UTC] post fired: 12619
[30-Jun-2017 19:33:24 UTC] post complete: 12619
[30-Jun-2017 19:33:24 UTC] Tag Fired
[30-Jun-2017 19:33:24 UTC] Tag Complete
[30-Jun-2017 19:33:24 UTC] en 
[30-Jun-2017 19:33:24 UTC] id unique
[30-Jun-2017 19:33:24 UTC] PHP Notice:  WP_User->id was called with an argument that is <strong>deprecated</strong> since version 2.1.0! Use <code>WP_User->ID</code> instead. in /Users/jakecampa/Desktop/rssfeed-wp/wp-includes/functions.php on line 4023
[30-Jun-2017 19:33:24 UTC] post fired: 12620
[30-Jun-2017 19:33:24 UTC] post complete: 12620
[30-Jun-2017 19:33:24 UTC] Tag Fired
[30-Jun-2017 19:33:24 UTC] Tag Complete
[30-Jun-2017 19:33:24 UTC] en 
[30-Jun-2017 19:33:24 UTC] id unique
[30-Jun-2017 19:33:24 UTC] PHP Notice:  WP_User->id was called with an argument that is <strong>deprecated</strong> since version 2.1.0! Use <code>WP_User->ID</code> instead. in /Users/jakecampa/Desktop/rssfeed-wp/wp-includes/functions.php on line 4023
[30-Jun-2017 19:33:24 UTC] post fired: 12621
[30-Jun-2017 19:33:24 UTC] post complete: 12621
[30-Jun-2017 19:33:24 UTC] Tag Fired
[30-Jun-2017 19:33:24 UTC] Tag Complete
[30-Jun-2017 19:33:24 UTC] en 
[30-Jun-2017 19:33:24 UTC] id unique
[30-Jun-2017 19:33:24 UTC] PHP Notice:  WP_User->id was called with an argument that is <strong>deprecated</strong> since version 2.1.0! Use <code>WP_User->ID</code> instead. in /Users/jakecampa/Desktop/rssfeed-wp/wp-includes/functions.php on line 4023
[30-Jun-2017 19:33:24 UTC] post fired: 12622
[30-Jun-2017 19:33:24 UTC] post complete: 12622
[30-Jun-2017 19:33:24 UTC] Tag Fired
[30-Jun-2017 19:33:24 UTC] Tag Complete
[30-Jun-2017 19:33:24 UTC] en 
[30-Jun-2017 19:33:24 UTC] id unique
[30-Jun-2017 19:33:24 UTC] PHP Notice:  WP_User->id was called with an argument that is <strong>deprecated</strong> since version 2.1.0! Use <code>WP_User->ID</code> instead. in /Users/jakecampa/Desktop/rssfeed-wp/wp-includes/functions.php on line 4023
[30-Jun-2017 19:33:24 UTC] post fired: 12623
[30-Jun-2017 19:33:24 UTC] post complete: 12623
[30-Jun-2017 19:33:24 UTC] Tag Fired
[30-Jun-2017 19:33:24 UTC] Tag Complete
[30-Jun-2017 19:33:24 UTC] en 
[30-Jun-2017 19:33:24 UTC] id unique
[30-Jun-2017 19:33:24 UTC] PHP Notice:  WP_User->id was called with an argument that is <strong>deprecated</strong> since version 2.1.0! Use <code>WP_User->ID</code> instead. in /Users/jakecampa/Desktop/rssfeed-wp/wp-includes/functions.php on line 4023
[30-Jun-2017 19:33:25 UTC] post fired: 12624
[30-Jun-2017 19:33:25 UTC] post complete: 12624
[30-Jun-2017 19:33:25 UTC] Tag Fired
[30-Jun-2017 19:33:25 UTC] Tag Complete
[30-Jun-2017 19:33:25 UTC] en 
[30-Jun-2017 19:33:25 UTC] id unique
[30-Jun-2017 19:33:25 UTC] PHP Notice:  WP_User->id was called with an argument that is <strong>deprecated</strong> since version 2.1.0! Use <code>WP_User->ID</code> instead. in /Users/jakecampa/Desktop/rssfeed-wp/wp-includes/functions.php on line 4023
[30-Jun-2017 19:33:25 UTC] post fired: 12625
[30-Jun-2017 19:33:25 UTC] post complete: 12625
[30-Jun-2017 19:33:25 UTC] Tag Fired
[30-Jun-2017 19:33:25 UTC] Tag Complete
[30-Jun-2017 19:33:25 UTC] en 
[30-Jun-2017 19:33:25 UTC] id unique
[30-Jun-2017 19:33:25 UTC] PHP Notice:  WP_User->id was called with an argument that is <strong>deprecated</strong> since version 2.1.0! Use <code>WP_User->ID</code> instead. in /Users/jakecampa/Desktop/rssfeed-wp/wp-includes/functions.php on line 4023
[30-Jun-2017 19:33:25 UTC] post fired: 12626
[30-Jun-2017 19:33:25 UTC] post complete: 12626
[30-Jun-2017 19:33:25 UTC] Tag Fired
[30-Jun-2017 19:33:25 UTC] Tag Complete
[30-Jun-2017 19:33:25 UTC] en 
[30-Jun-2017 19:33:25 UTC] id unique
[30-Jun-2017 19:33:25 UTC] PHP Notice:  WP_User->id was called with an argument that is <strong>deprecated</strong> since version 2.1.0! Use <code>WP_User->ID</code> instead. in /Users/jakecampa/Desktop/rssfeed-wp/wp-includes/functions.php on line 4023
[30-Jun-2017 19:33:25 UTC] post fired: 12627
[30-Jun-2017 19:33:25 UTC] post complete: 12627
[30-Jun-2017 19:33:25 UTC] Tag Fired
[30-Jun-2017 19:33:25 UTC] Tag Complete
[30-Jun-2017 19:33:25 UTC] en 
[30-Jun-2017 19:33:25 UTC] id unique
[30-Jun-2017 19:33:25 UTC] PHP Notice:  WP_User->id was called with an argument that is <strong>deprecated</strong> since version 2.1.0! Use <code>WP_User->ID</code> instead. in /Users/jakecampa/Desktop/rssfeed-wp/wp-includes/functions.php on line 4023
[30-Jun-2017 19:33:25 UTC] post fired: 12628
[30-Jun-2017 19:33:25 UTC] post complete: 12628
[30-Jun-2017 19:33:25 UTC] Tag Fired
[30-Jun-2017 19:33:25 UTC] Tag Complete
[30-Jun-2017 19:33:25 UTC] en 
[30-Jun-2017 19:33:25 UTC] id unique
[30-Jun-2017 19:33:25 UTC] PHP Notice:  WP_User->id was called with an argument that is <strong>deprecated</strong> since version 2.1.0! Use <code>WP_User->ID</code> instead. in /Users/jakecampa/Desktop/rssfeed-wp/wp-includes/functions.php on line 4023
[30-Jun-2017 19:33:25 UTC] post fired: 12629
[30-Jun-2017 19:33:25 UTC] post complete: 12629
[30-Jun-2017 19:33:25 UTC] Tag Fired
[30-Jun-2017 19:33:25 UTC] Tag Complete
[30-Jun-2017 19:33:25 UTC] en 
[30-Jun-2017 19:33:25 UTC] id unique
[30-Jun-2017 19:33:25 UTC] PHP Notice:  WP_User->id was called with an argument that is <strong>deprecated</strong> since version 2.1.0! Use <code>WP_User->ID</code> instead. in /Users/jakecampa/Desktop/rssfeed-wp/wp-includes/functions.php on line 4023
[30-Jun-2017 19:33:25 UTC] post fired: 12630
[30-Jun-2017 19:33:25 UTC] post complete: 12630
[30-Jun-2017 19:33:25 UTC] Tag Fired
[30-Jun-2017 19:33:25 UTC] Tag Complete
[30-Jun-2017 19:33:25 UTC] en 
[30-Jun-2017 19:33:25 UTC] id unique
[30-Jun-2017 19:33:25 UTC] PHP Notice:  WP_User->id was called with an argument that is <strong>deprecated</strong> since version 2.1.0! Use <code>WP_User->ID</code> instead. in /Users/jakecampa/Desktop/rssfeed-wp/wp-includes/functions.php on line 4023
[30-Jun-2017 19:33:25 UTC] post fired: 12631
[30-Jun-2017 19:33:25 UTC] post complete: 12631
[30-Jun-2017 19:33:25 UTC] Tag Fired
[30-Jun-2017 19:33:25 UTC] Tag Complete
[30-Jun-2017 19:33:25 UTC] en 
[30-Jun-2017 19:33:25 UTC] id unique
[30-Jun-2017 19:33:25 UTC] PHP Notice:  WP_User->id was called with an argument that is <strong>deprecated</strong> since version 2.1.0! Use <code>WP_User->ID</code> instead. in /Users/jakecampa/Desktop/rssfeed-wp/wp-includes/functions.php on line 4023
[30-Jun-2017 19:33:25 UTC] post fired: 12632
[30-Jun-2017 19:33:25 UTC] post complete: 12632
[30-Jun-2017 19:33:25 UTC] Tag Fired
[30-Jun-2017 19:33:25 UTC] Tag Complete
[30-Jun-2017 19:33:25 UTC] en 
[30-Jun-2017 19:33:25 UTC] id unique
[30-Jun-2017 19:33:25 UTC] PHP Notice:  WP_User->id was called with an argument that is <strong>deprecated</strong> since version 2.1.0! Use <code>WP_User->ID</code> instead. in /Users/jakecampa/Desktop/rssfeed-wp/wp-includes/functions.php on line 4023
[30-Jun-2017 19:33:25 UTC] post fired: 12633
[30-Jun-2017 19:33:25 UTC] post complete: 12633
[30-Jun-2017 19:33:25 UTC] Tag Fired
[30-Jun-2017 19:33:25 UTC] Tag Complete
[30-Jun-2017 19:33:25 UTC] en 
[30-Jun-2017 19:33:25 UTC] id unique
[30-Jun-2017 19:33:25 UTC] PHP Notice:  WP_User->id was called with an argument that is <strong>deprecated</strong> since version 2.1.0! Use <code>WP_User->ID</code> instead. in /Users/jakecampa/Desktop/rssfeed-wp/wp-includes/functions.php on line 4023
[30-Jun-2017 19:33:25 UTC] post fired: 12634
[30-Jun-2017 19:33:25 UTC] post complete: 12634
[30-Jun-2017 19:33:25 UTC] Tag Fired
[30-Jun-2017 19:33:25 UTC] Tag Complete
[30-Jun-2017 19:33:25 UTC] en 
[30-Jun-2017 19:33:25 UTC] id unique
[30-Jun-2017 19:33:25 UTC] PHP Notice:  WP_User->id was called with an argument that is <strong>deprecated</strong> since version 2.1.0! Use <code>WP_User->ID</code> instead. in /Users/jakecampa/Desktop/rssfeed-wp/wp-includes/functions.php on line 4023
[30-Jun-2017 19:33:25 UTC] post fired: 12635
[30-Jun-2017 19:33:25 UTC] post complete: 12635
[30-Jun-2017 19:33:25 UTC] Tag Fired
[30-Jun-2017 19:33:25 UTC] Tag Complete
[30-Jun-2017 19:33:25 UTC] en 
[30-Jun-2017 19:33:25 UTC] id unique
[30-Jun-2017 19:33:25 UTC] PHP Notice:  WP_User->id was called with an argument that is <strong>deprecated</strong> since version 2.1.0! Use <code>WP_User->ID</code> instead. in /Users/jakecampa/Desktop/rssfeed-wp/wp-includes/functions.php on line 4023
[30-Jun-2017 19:33:25 UTC] post fired: 12636
[30-Jun-2017 19:33:25 UTC] post complete: 12636
[30-Jun-2017 19:33:25 UTC] Tag Fired
[30-Jun-2017 19:33:25 UTC] Tag Complete
[30-Jun-2017 19:33:25 UTC] en 
[30-Jun-2017 19:33:25 UTC] id unique
[30-Jun-2017 19:33:25 UTC] PHP Notice:  WP_User->id was called with an argument that is <strong>deprecated</strong> since version 2.1.0! Use <code>WP_User->ID</code> instead. in /Users/jakecampa/Desktop/rssfeed-wp/wp-includes/functions.php on line 4023
[30-Jun-2017 19:33:25 UTC] post fired: 12637
[30-Jun-2017 19:33:25 UTC] post complete: 12637
[30-Jun-2017 19:33:25 UTC] Tag Fired
[30-Jun-2017 19:33:25 UTC] Tag Complete
[30-Jun-2017 19:33:25 UTC] en 
[30-Jun-2017 19:33:25 UTC] id unique
[30-Jun-2017 19:33:25 UTC] PHP Notice:  WP_User->id was called with an argument that is <strong>deprecated</strong> since version 2.1.0! Use <code>WP_User->ID</code> instead. in /Users/jakecampa/Desktop/rssfeed-wp/wp-includes/functions.php on line 4023
[30-Jun-2017 19:33:25 UTC] post fired: 12638
[30-Jun-2017 19:33:25 UTC] post complete: 12638
[30-Jun-2017 19:33:25 UTC] Tag Fired
[30-Jun-2017 19:33:25 UTC] Tag Complete
[30-Jun-2017 19:33:25 UTC] en 
[30-Jun-2017 19:33:25 UTC] id unique
[30-Jun-2017 19:33:25 UTC] PHP Notice:  WP_User->id was called with an argument that is <strong>deprecated</strong> since version 2.1.0! Use <code>WP_User->ID</code> instead. in /Users/jakecampa/Desktop/rssfeed-wp/wp-includes/functions.php on line 4023
[30-Jun-2017 19:33:25 UTC] post fired: 12639
[30-Jun-2017 19:33:25 UTC] post complete: 12639
[30-Jun-2017 19:33:25 UTC] Tag Fired
[30-Jun-2017 19:33:25 UTC] Tag Complete
[30-Jun-2017 19:33:25 UTC] en 
[30-Jun-2017 19:33:25 UTC] id unique
[30-Jun-2017 19:33:25 UTC] PHP Notice:  WP_User->id was called with an argument that is <strong>deprecated</strong> since version 2.1.0! Use <code>WP_User->ID</code> instead. in /Users/jakecampa/Desktop/rssfeed-wp/wp-includes/functions.php on line 4023
[30-Jun-2017 19:33:25 UTC] post fired: 12640
[30-Jun-2017 19:33:25 UTC] post complete: 12640
[30-Jun-2017 19:33:25 UTC] Tag Fired
[30-Jun-2017 19:33:25 UTC] Tag Complete
[30-Jun-2017 19:33:25 UTC] en 
[30-Jun-2017 19:33:25 UTC] id unique
[30-Jun-2017 19:33:25 UTC] PHP Notice:  WP_User->id was called with an argument that is <strong>deprecated</strong> since version 2.1.0! Use <code>WP_User->ID</code> instead. in /Users/jakecampa/Desktop/rssfeed-wp/wp-includes/functions.php on line 4023
[30-Jun-2017 19:33:25 UTC] post fired: 12641
[30-Jun-2017 19:33:25 UTC] post complete: 12641
[30-Jun-2017 19:33:25 UTC] Tag Fired
[30-Jun-2017 19:33:25 UTC] Tag Complete
[30-Jun-2017 19:33:25 UTC] en 
[30-Jun-2017 19:33:25 UTC] id unique
[30-Jun-2017 19:33:25 UTC] PHP Notice:  WP_User->id was called with an argument that is <strong>deprecated</strong> since version 2.1.0! Use <code>WP_User->ID</code> instead. in /Users/jakecampa/Desktop/rssfeed-wp/wp-includes/functions.php on line 4023
[30-Jun-2017 19:33:25 UTC] post fired: 12642
[30-Jun-2017 19:33:25 UTC] post complete: 12642
[30-Jun-2017 19:33:25 UTC] Tag Fired
[30-Jun-2017 19:33:25 UTC] Tag Complete
[30-Jun-2017 19:33:25 UTC] en 
[30-Jun-2017 19:33:25 UTC] id unique
[30-Jun-2017 19:33:25 UTC] PHP Notice:  WP_User->id was called with an argument that is <strong>deprecated</strong> since version 2.1.0! Use <code>WP_User->ID</code> instead. in /Users/jakecampa/Desktop/rssfeed-wp/wp-includes/functions.php on line 4023
[30-Jun-2017 19:33:26 UTC] post fired: 12643
[30-Jun-2017 19:33:26 UTC] post complete: 12643
[30-Jun-2017 19:33:26 UTC] Tag Fired
[30-Jun-2017 19:33:26 UTC] Tag Complete
[30-Jun-2017 19:33:26 UTC] en 
[30-Jun-2017 19:33:26 UTC] id unique
[30-Jun-2017 19:33:26 UTC] PHP Notice:  WP_User->id was called with an argument that is <strong>deprecated</strong> since version 2.1.0! Use <code>WP_User->ID</code> instead. in /Users/jakecampa/Desktop/rssfeed-wp/wp-includes/functions.php on line 4023
[30-Jun-2017 19:33:26 UTC] post fired: 12644
[30-Jun-2017 19:33:26 UTC] post complete: 12644
[30-Jun-2017 19:33:26 UTC] Tag Fired
[30-Jun-2017 19:33:26 UTC] Tag Complete
[30-Jun-2017 19:33:26 UTC] en 
[30-Jun-2017 19:33:26 UTC] id unique
[30-Jun-2017 19:33:26 UTC] PHP Notice:  WP_User->id was called with an argument that is <strong>deprecated</strong> since version 2.1.0! Use <code>WP_User->ID</code> instead. in /Users/jakecampa/Desktop/rssfeed-wp/wp-includes/functions.php on line 4023
[30-Jun-2017 19:33:26 UTC] post fired: 12645
[30-Jun-2017 19:33:26 UTC] post complete: 12645
[30-Jun-2017 19:33:26 UTC] Tag Fired
[30-Jun-2017 19:33:26 UTC] Tag Complete
[30-Jun-2017 19:36:13 UTC] PHP Notice:  mysqli_real_connect(): send of 107 bytes failed with errno=32 Broken pipe in /Users/jakecampa/Desktop/rssfeed-wp/wp-includes/wp-db.php on line 1538
[30-Jun-2017 19:36:13 UTC] PHP Warning:  mysqli_real_connect(): (HY000/2006): MySQL server has gone away in /Users/jakecampa/Desktop/rssfeed-wp/wp-includes/wp-db.php on line 1538
[30-Jun-2017 19:37:14 UTC] PHP Notice:  mysqli_real_connect(): send of 107 bytes failed with errno=32 Broken pipe in /Users/jakecampa/Desktop/rssfeed-wp/wp-includes/wp-db.php on line 1538
[30-Jun-2017 19:37:14 UTC] PHP Warning:  mysqli_real_connect(): (HY000/2006): MySQL server has gone away in /Users/jakecampa/Desktop/rssfeed-wp/wp-includes/wp-db.php on line 1538
[30-Jun-2017 19:40:11 UTC] PHP Warning:  mysqli_real_connect(): MySQL server has gone away in /Users/jakecampa/Desktop/rssfeed-wp/wp-includes/wp-db.php on line 1538
[30-Jun-2017 19:40:11 UTC] PHP Warning:  mysqli_real_connect(): (HY000/2006): MySQL server has gone away in /Users/jakecampa/Desktop/rssfeed-wp/wp-includes/wp-db.php on line 1538
[30-Jun-2017 19:40:11 UTC] PHP Notice:  mysqli_real_connect(): send of 107 bytes failed with errno=32 Broken pipe in /Users/jakecampa/Desktop/rssfeed-wp/wp-includes/wp-db.php on line 1538
[30-Jun-2017 19:40:11 UTC] PHP Warning:  mysqli_real_connect(): (HY000/2006): MySQL server has gone away in /Users/jakecampa/Desktop/rssfeed-wp/wp-includes/wp-db.php on line 1538
